2017-10-11 18:48:10,631 [Worker-0] INFO  o.e.m.c.i.l.LifecycleMappingFactory - Using NULL lifecycle mapping for MavenProject: com.omega:market:1.0-SNAPSHOT @ F:\git_cdt\omega\market\pom.xml.
2017-10-11 18:48:13,963 [Worker-0] INFO  o.e.m.c.i.l.LifecycleMappingFactory - Using org.eclipse.m2e.jdt.JarLifecycleMapping lifecycle mapping for MavenProject: com.omega:user:1.0-SNAPSHOT @ F:\git_cdt\omega\user\pom.xml.
2017-10-11 18:48:15,876 [Worker-0] INFO  o.e.m.c.i.l.LifecycleMappingFactory - Using org.eclipse.m2e.jdt.JarLifecycleMapping lifecycle mapping for MavenProject: com.omega:batch:1.0-SNAPSHOT @ F:\git_cdt\omega\batch\pom.xml.
2017-10-11 18:48:16,043 [Worker-0] INFO  o.e.m.c.i.l.LifecycleMappingFactory - Using org.eclipse.m2e.jdt.JarLifecycleMapping lifecycle mapping for MavenProject: com.omega:lang:1.0-SNAPSHOT @ F:\git_cdt\omega\lang\pom.xml.
2017-10-11 18:48:16,257 [Worker-0] INFO  o.e.m.c.i.l.LifecycleMappingFactory - Using org.eclipse.m2e.jdt.JarLifecycleMapping lifecycle mapping for MavenProject: com.omega:infra:1.0-SNAPSHOT @ F:\git_cdt\omega\infra\pom.xml.
2017-10-11 18:48:16,429 [Worker-0] INFO  o.e.m.c.i.l.LifecycleMappingFactory - Using org.eclipse.m2e.jdt.JarLifecycleMapping lifecycle mapping for MavenProject: com.omega:web:1.0-SNAPSHOT @ F:\git_cdt\omega\web\pom.xml.
2017-10-11 18:48:18,958 [Worker-0] INFO  o.e.m.j.i.AbstractJavaProjectConfigurator - Adding source folder /web/src/main/java
2017-10-11 18:48:18,959 [Worker-0] INFO  o.e.m.j.i.AbstractJavaProjectConfigurator - Adding resource folder /web/src/main/resources
2017-10-11 18:48:18,960 [Worker-0] INFO  o.e.m.j.i.AbstractJavaProjectConfigurator - Adding source folder /web/src/test/java
2017-10-11 18:48:18,960 [Worker-7] INFO  o.e.m.c.i.l.LifecycleMappingFactory - Using org.eclipse.m2e.jdt.JarLifecycleMapping lifecycle mapping for MavenProject: com.omega:user:1.0-SNAPSHOT @ F:\git_cdt\omega\user\pom.xml.
2017-10-11 18:48:19,055 [Worker-0] INFO  o.e.m.j.i.AbstractJavaProjectConfigurator - Adding source folder /lang/src/main/java
2017-10-11 18:48:19,056 [Worker-0] INFO  o.e.m.j.i.AbstractJavaProjectConfigurator - Adding resource folder /lang/src/main/resources
2017-10-11 18:48:19,057 [Worker-0] INFO  o.e.m.j.i.AbstractJavaProjectConfigurator - Adding source folder /lang/src/test/java
2017-10-11 18:48:19,193 [Worker-0] INFO  o.e.m.j.i.AbstractJavaProjectConfigurator - Adding source folder /user/src/main/java
2017-10-11 18:48:19,193 [Worker-0] INFO  o.e.m.j.i.AbstractJavaProjectConfigurator - Adding resource folder /user/src/main/resources
2017-10-11 18:48:19,194 [Worker-0] INFO  o.e.m.j.i.AbstractJavaProjectConfigurator - Adding source folder /user/src/test/java
2017-10-11 18:48:19,484 [Worker-0] INFO  o.e.m.j.i.AbstractJavaProjectConfigurator - Adding source folder /infra/src/main/java
2017-10-11 18:48:19,484 [Worker-0] INFO  o.e.m.j.i.AbstractJavaProjectConfigurator - Adding resource folder /infra/src/main/resources
2017-10-11 18:48:19,485 [Worker-0] INFO  o.e.m.j.i.AbstractJavaProjectConfigurator - Adding source folder /infra/src/test/java
2017-10-11 18:48:19,572 [Worker-0] INFO  o.e.m.j.i.AbstractJavaProjectConfigurator - Adding source folder /batch/src/main/java
2017-10-11 18:48:19,572 [Worker-0] INFO  o.e.m.j.i.AbstractJavaProjectConfigurator - Adding resource folder /batch/src/main/resources
2017-10-11 18:48:19,573 [Worker-0] INFO  o.e.m.j.i.AbstractJavaProjectConfigurator - Adding source folder /batch/src/test/java
2017-10-11 18:48:19,649 [Worker-0] INFO  o.e.m.c.i.p.ProjectConfigurationManager - Imported and configured 6 project(s) in 12 sec
2017-10-11 18:48:19,659 [Worker-7] INFO  o.e.m.c.i.l.LifecycleMappingFactory - Using org.eclipse.m2e.jdt.JarLifecycleMapping lifecycle mapping for MavenProject: com.omega:batch:1.0-SNAPSHOT @ F:\git_cdt\omega\batch\pom.xml.
2017-10-11 18:48:19,834 [Worker-7] INFO  o.e.m.c.i.l.LifecycleMappingFactory - Using org.eclipse.m2e.jdt.JarLifecycleMapping lifecycle mapping for MavenProject: com.omega:lang:1.0-SNAPSHOT @ F:\git_cdt\omega\lang\pom.xml.
2017-10-11 18:48:20,492 [Worker-6] INFO  o.e.m.c.i.embedder.EclipseLogger - Using 'UTF-8' encoding to copy filtered resources.
2017-10-11 18:48:20,500 [Worker-6] INFO  o.e.m.c.i.embedder.EclipseLogger - Copying 0 resource
2017-10-11 18:48:20,504 [Worker-6] INFO  o.e.m.c.i.embedder.EclipseLogger - Using 'UTF-8' encoding to copy filtered resources.
2017-10-11 18:48:20,504 [Worker-6] INFO  o.e.m.c.i.embedder.EclipseLogger - skip non existing resourceDirectory F:\git_cdt\omega\batch\src\test\resources
2017-10-11 18:48:20,509 [Worker-7] INFO  o.e.m.c.i.l.LifecycleMappingFactory - Using org.eclipse.m2e.jdt.JarLifecycleMapping lifecycle mapping for MavenProject: com.omega:infra:1.0-SNAPSHOT @ F:\git_cdt\omega\infra\pom.xml.
2017-10-11 18:48:20,525 [Worker-6] INFO  o.e.m.c.i.embedder.EclipseLogger - Using 'UTF-8' encoding to copy filtered resources.
2017-10-11 18:48:20,526 [Worker-6] INFO  o.e.m.c.i.embedder.EclipseLogger - Copying 0 resource
2017-10-11 18:48:20,528 [Worker-6] INFO  o.e.m.c.i.embedder.EclipseLogger - Using 'UTF-8' encoding to copy filtered resources.
2017-10-11 18:48:20,528 [Worker-6] INFO  o.e.m.c.i.embedder.EclipseLogger - skip non existing resourceDirectory F:\git_cdt\omega\infra\src\test\resources
2017-10-11 18:48:20,892 [Worker-7] INFO  o.e.m.c.i.l.LifecycleMappingFactory - Using org.eclipse.m2e.jdt.JarLifecycleMapping lifecycle mapping for MavenProject: com.omega:web:1.0-SNAPSHOT @ F:\git_cdt\omega\web\pom.xml.
2017-10-11 18:48:20,928 [Worker-7] INFO  o.e.m.c.i.l.LifecycleMappingFactory - Using NULL lifecycle mapping for MavenProject: com.omega:market:1.0-SNAPSHOT @ F:\git_cdt\omega\market\pom.xml.
2017-10-11 18:48:21,228 [Worker-6] INFO  o.e.m.c.i.embedder.EclipseLogger - Using 'UTF-8' encoding to copy filtered resources.
2017-10-11 18:48:21,229 [Worker-6] INFO  o.e.m.c.i.embedder.EclipseLogger - Copying 0 resource
2017-10-11 18:48:21,233 [Worker-6] INFO  o.e.m.c.i.embedder.EclipseLogger - Using 'UTF-8' encoding to copy filtered resources.
2017-10-11 18:48:21,233 [Worker-6] INFO  o.e.m.c.i.embedder.EclipseLogger - skip non existing resourceDirectory F:\git_cdt\omega\lang\src\test\resources
2017-10-11 18:48:22,733 [Worker-6] INFO  o.e.m.c.i.embedder.EclipseLogger - Using 'UTF-8' encoding to copy filtered resources.
2017-10-11 18:48:22,734 [Worker-6] INFO  o.e.m.c.i.embedder.EclipseLogger - Copying 8 resources
2017-10-11 18:48:22,856 [Worker-6] INFO  o.e.m.c.i.embedder.EclipseLogger - Using 'UTF-8' encoding to copy filtered resources.
2017-10-11 18:48:22,856 [Worker-6] INFO  o.e.m.c.i.embedder.EclipseLogger - skip non existing resourceDirectory F:\git_cdt\omega\user\src\test\resources
2017-10-11 18:48:22,915 [Worker-6] INFO  o.e.m.c.i.embedder.EclipseLogger - Using 'UTF-8' encoding to copy filtered resources.
2017-10-11 18:48:22,916 [Worker-6] INFO  o.e.m.c.i.embedder.EclipseLogger - Copying 0 resource
2017-10-11 18:48:22,918 [Worker-6] INFO  o.e.m.c.i.embedder.EclipseLogger - Using 'UTF-8' encoding to copy filtered resources.
2017-10-11 18:48:22,918 [Worker-6] INFO  o.e.m.c.i.embedder.EclipseLogger - skip non existing resourceDirectory F:\git_cdt\omega\web\src\test\resources
2017-10-11 18:48:24,020 [Worker-7] INFO  o.e.m.c.i.embedder.EclipseLogger - Using 'UTF-8' encoding to copy filtered resources.
2017-10-11 18:48:24,022 [Worker-7] INFO  o.e.m.c.i.embedder.EclipseLogger - Copying 0 resource
2017-10-11 18:48:24,025 [Worker-7] INFO  o.e.m.c.i.embedder.EclipseLogger - Using 'UTF-8' encoding to copy filtered resources.
2017-10-11 18:48:24,025 [Worker-7] INFO  o.e.m.c.i.embedder.EclipseLogger - skip non existing resourceDirectory F:\git_cdt\omega\batch\src\test\resources
2017-10-11 18:48:24,040 [Worker-7] INFO  o.e.m.c.i.embedder.EclipseLogger - Using 'UTF-8' encoding to copy filtered resources.
2017-10-11 18:48:24,040 [Worker-7] INFO  o.e.m.c.i.embedder.EclipseLogger - Copying 0 resource
2017-10-11 18:48:24,041 [Worker-7] INFO  o.e.m.c.i.embedder.EclipseLogger - Using 'UTF-8' encoding to copy filtered resources.
2017-10-11 18:48:24,042 [Worker-7] INFO  o.e.m.c.i.embedder.EclipseLogger - skip non existing resourceDirectory F:\git_cdt\omega\infra\src\test\resources
2017-10-11 18:48:24,175 [Worker-7] INFO  o.e.m.c.i.embedder.EclipseLogger - Using 'UTF-8' encoding to copy filtered resources.
2017-10-11 18:48:24,176 [Worker-7] INFO  o.e.m.c.i.embedder.EclipseLogger - Copying 0 resource
2017-10-11 18:48:24,178 [Worker-7] INFO  o.e.m.c.i.embedder.EclipseLogger - Using 'UTF-8' encoding to copy filtered resources.
2017-10-11 18:48:24,179 [Worker-7] INFO  o.e.m.c.i.embedder.EclipseLogger - skip non existing resourceDirectory F:\git_cdt\omega\lang\src\test\resources
2017-10-11 18:48:24,714 [Worker-7] INFO  o.e.m.c.i.embedder.EclipseLogger - Using 'UTF-8' encoding to copy filtered resources.
2017-10-11 18:48:24,715 [Worker-7] INFO  o.e.m.c.i.embedder.EclipseLogger - Copying 0 resource
2017-10-11 18:48:24,716 [Worker-7] INFO  o.e.m.c.i.embedder.EclipseLogger - Using 'UTF-8' encoding to copy filtered resources.
2017-10-11 18:48:24,717 [Worker-7] INFO  o.e.m.c.i.embedder.EclipseLogger - skip non existing resourceDirectory F:\git_cdt\omega\user\src\test\resources
2017-10-11 18:48:24,738 [Worker-7] INFO  o.e.m.c.i.embedder.EclipseLogger - Using 'UTF-8' encoding to copy filtered resources.
2017-10-11 18:48:24,739 [Worker-7] INFO  o.e.m.c.i.embedder.EclipseLogger - Copying 0 resource
2017-10-11 18:48:24,740 [Worker-7] INFO  o.e.m.c.i.embedder.EclipseLogger - Using 'UTF-8' encoding to copy filtered resources.
2017-10-11 18:48:24,741 [Worker-7] INFO  o.e.m.c.i.embedder.EclipseLogger - skip non existing resourceDirectory F:\git_cdt\omega\web\src\test\resources
